<?xml version="1.0" encoding="UTF-8"?>
<!-- Generated by org.testng.reporters.JUnitReportReporter -->
<testsuite skipped="0" hostname="WPUOT4U50WLW" name="com.Log4j.OrangeHRM_Log4j" tests="1" failures="0" timestamp="02 Mar 2021 07:34:01 GMT" time="32.184" errors="0">
  <testcase name="LoginToOrangeHRM" time="32.184" classname="com.Log4j.OrangeHRM_Log4j"/>
</testsuite> <!-- com.Log4j.OrangeHRM_Log4j -->
