<?xml version="1.0" encoding="UTF-8"?>
<!-- Generated by org.testng.reporters.JUnitReportReporter -->
<testsuite skipped="0" hostname="WPUOT4U50WLW" name="com.Testlistener.OrangeHRM_Log4j" tests="1" failures="0" timestamp="02 Mar 2021 07:52:52 GMT" time="33.889" errors="0">
  <testcase name="LoginToOrangeHRM" time="33.889" classname="com.Testlistener.OrangeHRM_Log4j"/>
</testsuite> <!-- com.Testlistener.OrangeHRM_Log4j -->
